[03/09/2015 19:07] actionPage!!!, itemTitle =  itemParent = 
[03/09/2015 19:07] actionPage!!!, itemTitle = null itemParent = 
[03/09/2015 19:07] actionPage!!!, itemTitle = imago-error.png itemParent = images
[03/09/2015 19:08] actionPage!!!, itemTitle =  itemParent = 
[03/09/2015 19:09] actionPage!!!, itemTitle =  itemParent = 
[03/09/2015 19:09] actionPage!!!, itemTitle =  itemParent = 
[03/09/2015 19:10] actionPage!!!, itemTitle =  itemParent = 
[03/09/2015 19:10] actionPage!!!, itemTitle =  itemParent = 
[03/09/2015 19:14] actionPage!!!, itemTitle =  itemParent = 
[03/09/2015 19:14] actionPage!!!, itemTitle =  itemParent = 
[03/09/2015 19:14] actionPage!!!, itemTitle = Philosophy itemParent = About-Us
[03/09/2015 19:15] actionPage!!!, itemTitle = Philosophy itemParent = About-Us
[03/09/2015 19:15] actionPage!!!, itemTitle = imago-error.png itemParent = images
[03/09/2015 19:15] actionPage!!!, itemTitle =  itemParent = 
[03/09/2015 19:15] actionPage!!!, itemTitle = Philosophy itemParent = About-Us
[03/09/2015 19:15] actionPage!!!, itemTitle = imago-error.png itemParent = images
[03/09/2015 19:15] actionPage!!!, itemTitle = Our-Story itemParent = About-Us
[03/09/2015 19:15] actionPage!!!, itemTitle = imago-error.png itemParent = images
[03/09/2015 19:15] actionPage!!!, itemTitle = Why itemParent = About-Us
[03/09/2015 19:15] actionPage!!!, itemTitle = imago-error.png itemParent = images
[03/09/2015 19:16] actionPage!!!, itemTitle = Why itemParent = About-Us
[03/09/2015 19:16] actionPage!!!, itemTitle = Why itemParent = About-Us
[03/09/2015 19:17] actionPage!!!, itemTitle = Why itemParent = About-Us
[03/09/2015 19:18] actionPage!!!, itemTitle = Why itemParent = About-Us
[03/09/2015 19:18] actionPage!!!, itemTitle = Why itemParent = About-Us
[03/09/2015 19:18] actionPage!!!, itemTitle = Why itemParent = About-Us
[03/09/2015 19:19] actionPage!!!, itemTitle = Why itemParent = About-Us
[03/09/2015 19:20] actionPage!!!, itemTitle = Why itemParent = About-Us
[03/09/2015 19:20] content = 
[03/09/2015 19:20] actionPage!!!, itemTitle = Why itemParent = About-Us
[03/09/2015 19:20] content = 10
[03/09/2015 19:21] actionPage!!!, itemTitle = Our-Story itemParent = About-Us
[03/09/2015 19:21] actionPage!!!, itemTitle = imago-error.png itemParent = images
[03/09/2015 19:21] actionPage!!!, itemTitle = Our-Story itemParent = About-Us
[03/09/2015 19:21] content = 9
[03/09/2015 19:21] actionPage!!!, itemTitle = Home itemParent = 
[03/09/2015 19:21] content = 1
[03/09/2015 19:21] actionPage!!!, itemTitle = Our-Story itemParent = About-Us
[03/09/2015 19:21] content = 9
[03/09/2015 19:22] actionPage!!!, itemTitle = Team itemParent = About-Us
[03/09/2015 19:22] content = 9
[03/09/2015 19:22] actionPage!!!, itemTitle = Why itemParent = About-Us
[03/09/2015 19:22] content = 10
[03/09/2015 19:22] actionPage!!!, itemTitle = Feedback itemParent = About-Us
[03/09/2015 19:22] content = 9
[03/09/2015 19:22] actionPage!!!, itemTitle = Our-Story itemParent = About-Us
[03/09/2015 19:22] content = 9
[03/09/2015 19:22] actionPage!!!, itemTitle = Why itemParent = About-Us
[03/09/2015 19:22] content = 10
[03/09/2015 19:22] actionPage!!!, itemTitle = Feedback itemParent = About-Us
[03/09/2015 19:22] content = 9
[03/09/2015 19:22] actionPage!!!, itemTitle = Philosophy itemParent = About-Us
[03/09/2015 19:22] content = 9
[03/09/2015 19:22] actionPage!!!, itemTitle = Team itemParent = About-Us
[03/09/2015 19:22] content = 9
[03/09/2015 19:22] actionPage!!!, itemTitle = Wishlist itemParent = 
[03/09/2015 19:22] content = 9
[03/09/2015 19:22] actionPage!!!, itemTitle = Contact-Us itemParent = 
[03/09/2015 19:22] content = 9
[03/09/2015 19:22] actionPage!!!, itemTitle = Feedback itemParent = About-Us
[03/09/2015 19:22] content = 11
[03/09/2015 19:23] actionPage!!!, itemTitle = Philosophy itemParent = About-Us
[03/09/2015 19:23] content = 9
[03/09/2015 19:23] actionPage!!!, itemTitle = Philosophy itemParent = About-Us
[03/09/2015 19:24] content = 7
[03/09/2015 20:47] actionPage!!!, itemTitle = Philosophy itemParent = About-Us
[03/09/2015 20:47] content = 7
[03/09/2015 20:47] actionPage!!!, itemTitle = favicon.ico itemParent = images
[04/09/2015 05:00] actionPage!!!, itemTitle = Philosophy itemParent = About-Us
[04/09/2015 05:01] actionPage!!!, itemTitle =  itemParent = 
[04/09/2015 05:01] content = 1
[04/09/2015 05:01] actionPage!!!, itemTitle = Destinations itemParent = 
[04/09/2015 05:01] content = 9
[04/09/2015 05:03] actionPage!!!, itemTitle = Destinations itemParent = 
[04/09/2015 05:03] content = 9
[04/09/2015 05:06] actionPage!!!, itemTitle = Home itemParent = 
[04/09/2015 05:06] content = 1
[04/09/2015 05:16] actionPage!!!, itemTitle = port.jpg itemParent = uploads
[04/09/2015 05:17] actionPage!!!, itemTitle = Home itemParent = 
[04/09/2015 05:17] content = 1
[04/09/2015 05:17] actionPage!!!, itemTitle =  itemParent = 
[04/09/2015 05:17] content = 1
[04/09/2015 05:18] actionPage!!!, itemTitle =  itemParent = 
[04/09/2015 05:18] content = 1
[04/09/2015 05:19] actionPage!!!, itemTitle =  itemParent = 
[04/09/2015 05:19] content = 1
[04/09/2015 05:20] actionPage!!!, itemTitle = Home itemParent = 
[04/09/2015 05:20] content = 1
[04/09/2015 05:20] actionPage!!!, itemTitle = Destinations itemParent = 
[04/09/2015 05:21] actionPage!!!, itemTitle = Destinations itemParent = 
[04/09/2015 05:21] content = 9
[04/09/2015 05:26] actionPage!!!, itemTitle = imago-error.png itemParent = images
[04/09/2015 05:27] actionPage!!!, itemTitle = page itemParent = site
[04/09/2015 05:27] actionPage!!!, itemTitle = imago-error.png itemParent = images
[04/09/2015 05:27] actionPage!!!, itemTitle = favicon.ico itemParent = images
[04/09/2015 05:33] actionPage!!!, itemTitle = page itemParent = site
[04/09/2015 05:33] actionPage!!!, itemTitle = imago-error.png itemParent = images
[04/09/2015 05:34] actionPage!!!, itemTitle = Philosophy itemParent = About-Us
[04/09/2015 05:34] content = 7
[04/09/2015 05:34] actionPage!!!, itemTitle = favicon.ico itemParent = images
[04/09/2015 05:34] actionPage!!!, itemTitle = Team itemParent = About-Us
[04/09/2015 05:34] content = 9
[04/09/2015 05:34] actionPage!!!, itemTitle = Home itemParent = 
[04/09/2015 05:34] content = 1
[04/09/2015 05:35] actionPage!!!, itemTitle = Philosophy itemParent = About-Us
[04/09/2015 05:35] content = 7
[04/09/2015 05:37] actionPage!!!, itemTitle = Home itemParent = 
[04/09/2015 05:37] content = 1
[04/09/2015 05:37] actionPage!!!, itemTitle = About-Us itemParent = 
[04/09/2015 05:37] content = 9
[04/09/2015 05:37] actionPage!!!, itemTitle = Wishlist itemParent = 
[04/09/2015 05:37] content = 9
[04/09/2015 05:37] actionPage!!!, itemTitle = Contact-Us itemParent = 
[04/09/2015 05:37] content = 9
[04/09/2015 07:15] actionPage!!!, itemTitle = port.jpg itemParent = uploads
[04/09/2015 07:19] actionPage!!!, itemTitle = port.jpg itemParent = uploads
[04/09/2015 07:37] actionPage!!!, itemTitle = port.jpg itemParent = uploads
[04/09/2015 07:37] actionPage!!!, itemTitle = port.jpg itemParent = uploads
[04/09/2015 10:45] actionPage!!!, itemTitle = jquery.maphilight itemParent = js
[04/09/2015 12:05] actionPage!!!, itemTitle = Philosophy itemParent = About-Us
[04/09/2015 12:05] content = 7
[04/09/2015 12:05] actionPage!!!, itemTitle = favicon.ico itemParent = images
[04/09/2015 12:06] actionPage!!!, itemTitle = Philosophy itemParent = About-Us
[04/09/2015 12:06] content = 7
[04/09/2015 12:26] actionPage!!!, itemTitle = Philosophy itemParent = About-Us
[04/09/2015 12:26] content = 7
[04/09/2015 12:26] actionPage!!!, itemTitle = Team itemParent = About-Us
[04/09/2015 12:26] content = 9
[04/09/2015 12:28] actionPage!!!, itemTitle = Philosophy itemParent = About-Us
[04/09/2015 12:28] content = 7
[04/09/2015 12:28] actionPage!!!, itemTitle = Philosophy itemParent = About-Us
[04/09/2015 12:28] content = 7
[04/09/2015 12:30] actionPage!!!, itemTitle = Home itemParent = 
[04/09/2015 12:30] content = 1
[04/09/2015 12:31] actionPage!!!, itemTitle = Home itemParent = 
[04/09/2015 12:31] content = 1
[04/09/2015 12:32] actionPage!!!, itemTitle = Home itemParent = 
[04/09/2015 12:32] content = 1
[04/09/2015 12:32] actionPage!!!, itemTitle = Home itemParent = 
[04/09/2015 12:32] content = 1
[04/09/2015 12:32] actionPage!!!, itemTitle = Home itemParent = 
[04/09/2015 12:32] content = 1
[04/09/2015 12:32] actionPage!!!, itemTitle = Home itemParent = 
[04/09/2015 12:32] content = 1
[04/09/2015 12:33] actionPage!!!, itemTitle = Home itemParent = 
[04/09/2015 12:33] content = 1
[04/09/2015 12:33] actionPage!!!, itemTitle = Home itemParent = 
[04/09/2015 12:33] content = 1
[04/09/2015 12:37] actionPage!!!, itemTitle = Philosophy itemParent = About-Us
[04/09/2015 12:37] content = 7
[04/09/2015 12:37] actionPage!!!, itemTitle = favicon.ico itemParent = images
[04/09/2015 12:37] actionPage!!!, itemTitle = Why itemParent = About-Us
[04/09/2015 12:37] content = 10
[04/09/2015 12:37] actionPage!!!, itemTitle = Team itemParent = About-Us
[04/09/2015 12:37] content = 9
[04/09/2015 12:37] actionPage!!!, itemTitle = About-Us itemParent = 
[04/09/2015 12:37] content = 9
[04/09/2015 12:38] actionPage!!!, itemTitle = About-Us itemParent = 
[04/09/2015 12:38] content = 9
[04/09/2015 12:40] actionPage!!!, itemTitle = About-Us itemParent = 
[04/09/2015 12:40] content = 9
[04/09/2015 12:40] actionPage!!!, itemTitle = Philosophy itemParent = About-Us
[04/09/2015 12:40] content = 7
[04/09/2015 12:51] actionPage!!!, itemTitle = Home itemParent = 
[04/09/2015 12:51] content = 1
[04/09/2015 13:02] actionPage!!!, itemTitle = About-Us itemParent = 
[04/09/2015 13:02] content = 9
[04/09/2015 13:05] actionPage!!!, itemTitle = About-Us itemParent = 
[04/09/2015 13:05] content = 12
[04/09/2015 13:05] actionPage!!!, itemTitle = Philosophy itemParent = About-Us
[04/09/2015 13:05] content = 7
[04/09/2015 13:05] actionPage!!!, itemTitle = favicon.ico itemParent = images
[04/09/2015 13:05] actionPage!!!, itemTitle = Our-Story itemParent = About-Us
[04/09/2015 13:05] content = 8
[04/09/2015 13:05] actionPage!!!, itemTitle = Team itemParent = About-Us
[04/09/2015 13:05] content = 9
[04/09/2015 13:05] actionPage!!!, itemTitle = Why itemParent = About-Us
[04/09/2015 13:05] content = 10
[04/09/2015 13:05] actionPage!!!, itemTitle = Why itemParent = About-Us
[04/09/2015 13:05] content = 10
[04/09/2015 13:05] actionPage!!!, itemTitle = Feedback itemParent = About-Us
[04/09/2015 13:05] content = 11
[04/09/2015 13:06] actionPage!!!, itemTitle = Why itemParent = About-Us
[04/09/2015 13:06] content = 10
[04/09/2015 13:07] actionPage!!!, itemTitle = Home itemParent = 
[04/09/2015 13:07] content = 1
[04/09/2015 13:09] actionPage!!!, itemTitle = About-Us itemParent = 
[04/09/2015 13:09] content = 12
[04/09/2015 13:09] actionPage!!!, itemTitle = Philosophy itemParent = About-Us
[04/09/2015 13:09] content = 7
[04/09/2015 13:33] actionPage!!!, itemTitle = Why itemParent = About-Us
[04/09/2015 13:33] content = 10
[04/09/2015 13:36] actionPage!!!, itemTitle = Home itemParent = 
[04/09/2015 13:36] content = 1
[17/09/2015 06:36] actionPage!!!, itemTitle =  itemParent = 
[17/09/2015 06:37] actionPage!!!, itemTitle =  itemParent = 
[17/09/2015 06:37] content = 1
[17/09/2015 06:38] actionPage!!!, itemTitle = About-Us itemParent = 
[17/09/2015 06:38] content = 12
[17/09/2015 06:38] actionPage!!!, itemTitle = Wishlist itemParent = 
[17/09/2015 06:38] content = 9
[17/09/2015 06:57] actionPage!!!, itemTitle = Team itemParent = About-Us
[17/09/2015 06:57] content = 9
[17/09/2015 06:57] actionPage!!!, itemTitle = favicon.ico itemParent = images
[17/09/2015 07:37] actionPage!!!, itemTitle = index itemParent = site
[17/09/2015 07:37] actionPage!!!, itemTitle = imago-error.png itemParent = images
[17/09/2015 07:37] actionPage!!!, itemTitle = favicon.ico itemParent = images
[17/09/2015 07:37] actionPage!!!, itemTitle = index itemParent = site
[17/09/2015 07:37] actionPage!!!, itemTitle = imago-error.png itemParent = images
[17/09/2015 07:37] actionPage!!!, itemTitle = Why itemParent = About-Us
[17/09/2015 07:37] content = 10
[17/09/2015 07:37] actionPage!!!, itemTitle =  itemParent = 
[17/09/2015 07:37] content = 1
[17/09/2015 07:38] actionPage!!!, itemTitle = index itemParent = site
[17/09/2015 07:38] actionPage!!!, itemTitle = imago-error.png itemParent = images
[17/09/2015 07:38] actionPage!!!, itemTitle =  itemParent = 
[17/09/2015 07:38] content = 1
[17/09/2015 11:45] actionPage!!!, itemTitle = about itemParent = 
[17/09/2015 11:45] actionPage!!!, itemTitle = imago-error.png itemParent = images
[17/09/2015 12:22] actionPage!!!, itemTitle = index itemParent = site
[17/09/2015 12:22] actionPage!!!, itemTitle = imago-error.png itemParent = images
[17/09/2015 12:22] actionPage!!!, itemTitle = favicon.ico itemParent = images
[17/09/2015 12:23] actionPage!!!, itemTitle =  itemParent = 
[17/09/2015 12:23] content = 1
[17/09/2015 12:26] actionPage!!!, itemTitle = index itemParent = site
[17/09/2015 12:26] actionPage!!!, itemTitle = imago-error.png itemParent = images
[17/09/2015 12:27] actionPage!!!, itemTitle = index itemParent = site
[17/09/2015 12:27] actionPage!!!, itemTitle = imago-error.png itemParent = images
[17/09/2015 12:27] actionPage!!!, itemTitle = page itemParent = site
[17/09/2015 12:27] actionPage!!!, itemTitle = imago-error.png itemParent = images
[17/09/2015 12:28] actionPage!!!, itemTitle =  itemParent = 
[17/09/2015 12:28] content = 1
[17/09/2015 12:28] actionPage!!!, itemTitle = index itemParent = site
[17/09/2015 12:28] actionPage!!!, itemTitle = imago-error.png itemParent = images
[17/09/2015 12:29] actionPage!!!, itemTitle =  itemParent = 
[17/09/2015 12:30] content = 1
[17/09/2015 12:34] actionPage!!!, itemTitle =  itemParent = 
[17/09/2015 12:34] content = 1
[17/09/2015 12:34] actionPage!!!, itemTitle =  itemParent = 
[17/09/2015 12:34] content = 1
[22/09/2015 06:29] actionPage!!!, itemTitle =  itemParent = 
[22/09/2015 06:29] content = 1
[22/09/2015 06:29] actionPage!!!, itemTitle =  itemParent = 
[22/09/2015 06:29] content = 1
[22/09/2015 06:29] actionPage!!!, itemTitle =  itemParent = 
[22/09/2015 06:29] content = 1
[22/09/2015 06:46] actionPage!!!, itemTitle = Asia itemParent = 
[22/09/2015 06:46] actionPage!!!, itemTitle = imago-error.png itemParent = images
[22/09/2015 06:46] actionPage!!!, itemTitle = South America itemParent = 
[22/09/2015 06:46] actionPage!!!, itemTitle = imago-error.png itemParent = images
[22/09/2015 06:50] actionPage!!!, itemTitle = Wishlist itemParent = 
[22/09/2015 06:51] content = 9
[22/09/2015 06:52] actionPage!!!, itemTitle =  itemParent = 
[22/09/2015 06:52] content = 1
[22/09/2015 06:52] actionPage!!!, itemTitle =  itemParent = 
[22/09/2015 06:52] content = 1
[22/09/2015 07:04] actionPage!!!, itemTitle =  itemParent = 
[22/09/2015 07:04] content = 1
[22/09/2015 07:05] actionPage!!!, itemTitle =  itemParent = 
[22/09/2015 07:05] content = 1
[22/09/2015 07:05] actionPage!!!, itemTitle =  itemParent = 
[22/09/2015 07:05] content = 1
[22/09/2015 07:05] actionPage!!!, itemTitle =  itemParent = 
[22/09/2015 07:05] content = 1
[22/09/2015 07:33] actionPage!!!, itemTitle =  itemParent = 
[22/09/2015 07:33] content = 1
[22/09/2015 07:33] actionPage!!!, itemTitle =  itemParent = 
[22/09/2015 07:33] content = 1
[22/09/2015 07:47] actionPage!!!, itemTitle =  itemParent = 
[22/09/2015 07:47] content = 1
[22/09/2015 07:48] actionPage!!!, itemTitle =  itemParent = 
[22/09/2015 07:48] content = 1
[22/09/2015 07:49] actionPage!!!, itemTitle =  itemParent = 
[22/09/2015 07:49] content = 1
[22/09/2015 07:49] actionPage!!!, itemTitle =  itemParent = 
[22/09/2015 07:49] content = 1
[22/09/2015 07:49] actionPage!!!, itemTitle =  itemParent = 
[22/09/2015 07:49] content = 1
[22/09/2015 07:49] actionPage!!!, itemTitle =  itemParent = 
[22/09/2015 07:49] content = 1
[22/09/2015 08:44] actionPage!!!, itemTitle =  itemParent = 
[22/09/2015 08:44] content = 1
[22/09/2015 08:44] actionPage!!!, itemTitle =  itemParent = 
[22/09/2015 08:44] content = 1
[22/09/2015 08:51] actionPage!!!, itemTitle =  itemParent = 
[22/09/2015 08:51] content = 1
[22/09/2015 08:58] actionPage!!!, itemTitle =  itemParent = 
[22/09/2015 08:58] content = 1
[22/09/2015 08:58] actionPage!!!, itemTitle =  itemParent = 
[22/09/2015 08:58] content = 1
[22/09/2015 09:14] actionPage!!!, itemTitle = Philosophy itemParent = About-Us
[22/09/2015 09:14] content = 7
[22/09/2015 09:25] actionPage!!!, itemTitle = Philosophy itemParent = About-Us
[22/09/2015 09:25] content = 7
[22/09/2015 10:37] actionPage!!!, itemTitle =  itemParent = 
[22/09/2015 10:37] content = 1
[22/09/2015 11:02] actionPage!!!, itemTitle =  itemParent = 
[22/09/2015 11:02] content = 1
[22/09/2015 11:02] actionPage!!!, itemTitle =  itemParent = 
[22/09/2015 11:02] content = 1
[22/09/2015 11:05] actionPage!!!, itemTitle = Home itemParent = 
[22/09/2015 11:05] content = 1
[22/09/2015 11:05] actionPage!!!, itemTitle =  itemParent = 
[22/09/2015 11:05] content = 1
[22/09/2015 11:50] actionPage!!!, itemTitle =  itemParent = 
[22/09/2015 11:50] content = 1
[22/09/2015 11:50] actionPage!!!, itemTitle =  itemParent = 
[22/09/2015 11:50] content = 1
[22/09/2015 11:50] actionPage!!!, itemTitle =  itemParent = 
[22/09/2015 11:50] content = 1
[22/09/2015 12:44] actionPage!!!, itemTitle = Home itemParent = 
[22/09/2015 12:44] content = 1
[22/09/2015 12:45] actionPage!!!, itemTitle = Home itemParent = 
[22/09/2015 12:45] content = 1
[22/09/2015 12:51] actionPage!!!, itemTitle =  itemParent = 
[22/09/2015 12:51] content = 1
[22/09/2015 12:51] actionPage!!!, itemTitle =  itemParent = 
[22/09/2015 12:51] content = 1
[22/09/2015 12:59] actionPage!!!, itemTitle =  itemParent = 
[22/09/2015 12:59] content = 1
[22/09/2015 13:02] actionPage!!!, itemTitle =  itemParent = 
[22/09/2015 13:02] content = 1
[22/09/2015 13:02] actionPage!!!, itemTitle =  itemParent = 
[22/09/2015 13:02] content = 1
[22/09/2015 13:03] actionPage!!!, itemTitle =  itemParent = 
[22/09/2015 13:03] content = 1
[22/09/2015 13:21] actionPage!!!, itemTitle =  itemParent = 
[22/09/2015 13:21] content = 1
[22/09/2015 13:21] actionPage!!!, itemTitle = About-Us itemParent = 
[22/09/2015 13:21] content = 12
[22/09/2015 13:21] actionPage!!!, itemTitle = Philosophy itemParent = About-Us
[22/09/2015 13:21] content = 7
[22/09/2015 13:21] actionPage!!!, itemTitle = favicon.ico itemParent = images
[22/09/2015 13:21] actionPage!!!, itemTitle = favicon.ico itemParent = images
[22/09/2015 13:43] actionPage!!!, itemTitle = South America itemParent = 
[22/09/2015 13:43] actionPage!!!, itemTitle = imago-error.png itemParent = images
[22/09/2015 13:59] actionPage!!!, itemTitle =  itemParent = 
[22/09/2015 13:59] content = 1
[22/09/2015 13:59] actionPage!!!, itemTitle =  itemParent = 
[22/09/2015 13:59] content = 1
[22/09/2015 14:02] actionPage!!!, itemTitle =  itemParent = 
[22/09/2015 14:02] content = 1
[22/09/2015 14:02] actionPage!!!, itemTitle =  itemParent = 
[22/09/2015 14:02] content = 1
[22/09/2015 14:02] actionPage!!!, itemTitle =  itemParent = 
[22/09/2015 14:02] content = 1
[22/09/2015 14:02] actionPage!!!, itemTitle =  itemParent = 
[22/09/2015 14:02] content = 1
[22/09/2015 14:03] actionPage!!!, itemTitle =  itemParent = 
[22/09/2015 14:03] content = 1
[22/09/2015 14:03] actionPage!!!, itemTitle =  itemParent = 
[22/09/2015 14:03] content = 1
[22/09/2015 14:03] actionPage!!!, itemTitle =  itemParent = 
[22/09/2015 14:03] content = 1
[22/09/2015 14:03] actionPage!!!, itemTitle =  itemParent = 
[22/09/2015 14:03] content = 1
[22/09/2015 14:04] actionPage!!!, itemTitle =  itemParent = 
[22/09/2015 14:04] content = 1
[22/09/2015 14:04] actionPage!!!, itemTitle =  itemParent = 
[22/09/2015 14:04] content = 1
[22/09/2015 14:04] actionPage!!!, itemTitle =  itemParent = 
[22/09/2015 14:04] content = 1
[22/09/2015 14:05] actionPage!!!, itemTitle =  itemParent = 
[22/09/2015 14:05] actionPage!!!, itemTitle =  itemParent = 
[22/09/2015 14:05] actionPage!!!, itemTitle =  itemParent = 
[22/09/2015 14:05] actionPage!!!, itemTitle =  itemParent = 
[22/09/2015 14:05] content = 1
[22/09/2015 14:06] actionPage!!!, itemTitle =  itemParent = 
[22/09/2015 14:06] content = 1
[22/09/2015 14:06] actionPage!!!, itemTitle =  itemParent = 
[22/09/2015 14:07] actionPage!!!, itemTitle =  itemParent = 
[22/09/2015 14:07] actionPage!!!, itemTitle =  itemParent = 
[22/09/2015 14:07] content = 1
[22/09/2015 14:08] actionPage!!!, itemTitle =  itemParent = 
[22/09/2015 14:08] content = 1
[22/09/2015 14:15] actionPage!!!, itemTitle =  itemParent = 
[22/09/2015 14:15] content = 1
[22/09/2015 14:15] actionPage!!!, itemTitle = Africa itemParent = 
[22/09/2015 14:15] actionPage!!!, itemTitle = imago-error.png itemParent = images
[22/09/2015 14:32] actionPage!!!, itemTitle = sizzle.min.map itemParent = 
[22/09/2015 14:40] actionPage!!!, itemTitle =  itemParent = 
[22/09/2015 14:41] content = 1
[22/09/2015 14:48] actionPage!!!, itemTitle = sizzle.min.map itemParent = 
[23/09/2015 05:58] actionPage!!!, itemTitle =  itemParent = 
[23/09/2015 05:58] content = 1
[23/09/2015 05:58] actionPage!!!, itemTitle =  itemParent = 
[23/09/2015 05:58] content = 1
[23/09/2015 05:58] actionPage!!!, itemTitle =  itemParent = 
[23/09/2015 05:59] content = 1
[23/09/2015 06:13] actionPage!!!, itemTitle =  itemParent = 
[23/09/2015 06:13] content = 1
[23/09/2015 06:13] actionPage!!!, itemTitle =  itemParent = 
[23/09/2015 06:13] actionPage!!!, itemTitle =  itemParent = 
[23/09/2015 06:13] actionPage!!!, itemTitle =  itemParent = 
[23/09/2015 06:13] content = 1
[23/09/2015 06:13] content = 1
[23/09/2015 06:13] content = 1
[23/09/2015 06:13] actionPage!!!, itemTitle =  itemParent = 
[23/09/2015 06:13] content = 1
[23/09/2015 06:26] actionPage!!!, itemTitle =  itemParent = 
[23/09/2015 06:26] content = 1
[23/09/2015 06:26] actionPage!!!, itemTitle =  itemParent = 
[23/09/2015 06:26] content = 1
[23/09/2015 06:27] actionPage!!!, itemTitle =  itemParent = 
[23/09/2015 06:27] actionPage!!!, itemTitle =  itemParent = 
[23/09/2015 06:27] actionPage!!!, itemTitle =  itemParent = 
[23/09/2015 06:27] actionPage!!!, itemTitle =  itemParent = 
[23/09/2015 06:27] actionPage!!!, itemTitle =  itemParent = 
[23/09/2015 06:27] actionPage!!!, itemTitle =  itemParent = 
[23/09/2015 06:27] actionPage!!!, itemTitle =  itemParent = 
[23/09/2015 06:27] content = 1
[23/09/2015 06:27] content = 1
[23/09/2015 06:27] content = 1
[23/09/2015 06:27] content = 1
[23/09/2015 06:27] content = 1
[23/09/2015 06:27] content = 1
[23/09/2015 06:27] content = 1
[23/09/2015 06:31] actionPage!!!, itemTitle =  itemParent = 
[23/09/2015 06:31] actionPage!!!, itemTitle =  itemParent = 
[23/09/2015 06:31] actionPage!!!, itemTitle =  itemParent = 
[23/09/2015 06:31] actionPage!!!, itemTitle =  itemParent = 
[23/09/2015 06:31] actionPage!!!, itemTitle =  itemParent = 
[23/09/2015 06:31] content = 1
[23/09/2015 06:31] content = 1
[23/09/2015 06:31] content = 1
[23/09/2015 06:31] content = 1
[23/09/2015 06:31] content = 1
[23/09/2015 06:31] actionPage!!!, itemTitle =  itemParent = 
[23/09/2015 06:31] content = 1
[23/09/2015 06:32] actionPage!!!, itemTitle =  itemParent = 
[23/09/2015 06:32] content = 1
[23/09/2015 06:33] actionPage!!!, itemTitle =  itemParent = 
[23/09/2015 06:33] actionPage!!!, itemTitle =  itemParent = 
[23/09/2015 06:33] actionPage!!!, itemTitle =  itemParent = 
[23/09/2015 06:33] content = 1
[23/09/2015 06:33] content = 1
[23/09/2015 06:33] content = 1
[23/09/2015 06:36] actionPage!!!, itemTitle =  itemParent = 
[23/09/2015 06:36] actionPage!!!, itemTitle =  itemParent = 
[23/09/2015 06:36] actionPage!!!, itemTitle =  itemParent = 
[23/09/2015 06:36] actionPage!!!, itemTitle =  itemParent = 
[23/09/2015 06:36] content = 1
[23/09/2015 06:36] content = 1
[23/09/2015 06:36] content = 1
[23/09/2015 06:36] content = 1
[23/09/2015 06:36] actionPage!!!, itemTitle =  itemParent = 
[23/09/2015 06:36] content = 1
[23/09/2015 06:37] actionPage!!!, itemTitle =  itemParent = 
[23/09/2015 06:37] content = 1
[23/09/2015 06:37] actionPage!!!, itemTitle =  itemParent = 
[23/09/2015 06:37] content = 1
[23/09/2015 06:37] actionPage!!!, itemTitle =  itemParent = 
[23/09/2015 06:37] actionPage!!!, itemTitle =  itemParent = 
[23/09/2015 06:37] actionPage!!!, itemTitle =  itemParent = 
[23/09/2015 06:37] actionPage!!!, itemTitle =  itemParent = 
[23/09/2015 06:37] actionPage!!!, itemTitle =  itemParent = 
[23/09/2015 06:37] actionPage!!!, itemTitle =  itemParent = 
[23/09/2015 06:37] actionPage!!!, itemTitle =  itemParent = 
[23/09/2015 06:37] actionPage!!!, itemTitle =  itemParent = 
[23/09/2015 06:37] actionPage!!!, itemTitle =  itemParent = 
[23/09/2015 06:37] actionPage!!!, itemTitle =  itemParent = 
[23/09/2015 06:37] content = 1
[23/09/2015 06:37] content = 1
[23/09/2015 06:37] content = 1
[23/09/2015 06:37] content = 1
[23/09/2015 06:37] content = 1
[23/09/2015 06:37] content = 1
[23/09/2015 06:37] content = 1
[23/09/2015 06:37] content = 1
[23/09/2015 06:37] content = 1
[23/09/2015 06:37] content = 1
[23/09/2015 06:38] actionPage!!!, itemTitle =  itemParent = 
[23/09/2015 06:38] actionPage!!!, itemTitle =  itemParent = 
[23/09/2015 06:38] actionPage!!!, itemTitle =  itemParent = 
[23/09/2015 06:38] actionPage!!!, itemTitle =  itemParent = 
[23/09/2015 06:38] content = 1
[23/09/2015 06:38] content = 1
[23/09/2015 06:38] content = 1
[23/09/2015 06:38] content = 1
[23/09/2015 06:39] actionPage!!!, itemTitle =  itemParent = 
[23/09/2015 06:39] actionPage!!!, itemTitle =  itemParent = 
[23/09/2015 06:39] actionPage!!!, itemTitle =  itemParent = 
[23/09/2015 06:39] content = 1
[23/09/2015 06:39] content = 1
[23/09/2015 06:39] content = 1
[23/09/2015 06:40] actionPage!!!, itemTitle =  itemParent = 
[23/09/2015 06:40] content = 1
[23/09/2015 06:41] actionPage!!!, itemTitle =  itemParent = 
[23/09/2015 06:41] content = 1
[23/09/2015 06:47] actionPage!!!, itemTitle =  itemParent = 
[23/09/2015 06:47] content = 1
[23/09/2015 06:49] actionPage!!!, itemTitle =  itemParent = 
[23/09/2015 06:49] content = 1
[23/09/2015 06:50] actionPage!!!, itemTitle =  itemParent = 
[23/09/2015 06:50] content = 1
[23/09/2015 06:58] actionPage!!!, itemTitle =  itemParent = 
[23/09/2015 06:58] content = 1
[23/09/2015 07:00] actionPage!!!, itemTitle =  itemParent = 
[23/09/2015 07:00] content = 1
[23/09/2015 07:01] actionPage!!!, itemTitle =  itemParent = 
[23/09/2015 07:01] content = 1
[23/09/2015 07:03] actionPage!!!, itemTitle =  itemParent = 
[23/09/2015 07:03] actionPage!!!, itemTitle =  itemParent = 
[23/09/2015 07:03] actionPage!!!, itemTitle =  itemParent = 
[23/09/2015 07:03] actionPage!!!, itemTitle =  itemParent = 
[23/09/2015 07:03] actionPage!!!, itemTitle =  itemParent = 
[23/09/2015 07:03] content = 1
[23/09/2015 07:03] content = 1
[23/09/2015 07:03] content = 1
[23/09/2015 07:03] content = 1
[23/09/2015 07:03] content = 1
[23/09/2015 07:06] actionPage!!!, itemTitle =  itemParent = 
[23/09/2015 07:06] content = 1
[23/09/2015 07:06] actionPage!!!, itemTitle =  itemParent = 
[23/09/2015 07:06] content = 1
[23/09/2015 07:10] actionPage!!!, itemTitle =  itemParent = 
[23/09/2015 07:10] actionPage!!!, itemTitle =  itemParent = 
[23/09/2015 07:10] actionPage!!!, itemTitle =  itemParent = 
[23/09/2015 07:10] content = 1
[23/09/2015 07:10] content = 1
[23/09/2015 07:10] content = 1
[23/09/2015 07:12] actionPage!!!, itemTitle =  itemParent = 
[23/09/2015 07:12] content = 1
[23/09/2015 07:13] actionPage!!!, itemTitle =  itemParent = 
[23/09/2015 07:14] content = 1
[23/09/2015 07:15] actionPage!!!, itemTitle =  itemParent = 
[23/09/2015 07:15] content = 1
[23/09/2015 07:15] actionPage!!!, itemTitle =  itemParent = 
[23/09/2015 07:15] actionPage!!!, itemTitle =  itemParent = 
[23/09/2015 07:15] actionPage!!!, itemTitle =  itemParent = 
[23/09/2015 07:15] actionPage!!!, itemTitle =  itemParent = 
[23/09/2015 07:15] actionPage!!!, itemTitle =  itemParent = 
[23/09/2015 07:15] actionPage!!!, itemTitle =  itemParent = 
[23/09/2015 07:15] actionPage!!!, itemTitle =  itemParent = 
[23/09/2015 07:15] actionPage!!!, itemTitle =  itemParent = 
[23/09/2015 07:15] actionPage!!!, itemTitle =  itemParent = 
[23/09/2015 07:15] actionPage!!!, itemTitle =  itemParent = 
[23/09/2015 07:15] actionPage!!!, itemTitle =  itemParent = 
[23/09/2015 07:15] actionPage!!!, itemTitle =  itemParent = 
[23/09/2015 07:15] content = 1
[23/09/2015 07:15] content = 1
[23/09/2015 07:15] content = 1
[23/09/2015 07:15] content = 1
[23/09/2015 07:15] content = 1
[23/09/2015 07:15] content = 1
[23/09/2015 07:15] content = 1
[23/09/2015 07:15] content = 1
[23/09/2015 07:15] content = 1
[23/09/2015 07:15] content = 1
[23/09/2015 07:15] content = 1
[23/09/2015 07:15] content = 1
[23/09/2015 07:16] actionPage!!!, itemTitle =  itemParent = 
[23/09/2015 07:16] content = 1
[23/09/2015 07:16] actionPage!!!, itemTitle =  itemParent = 
[23/09/2015 07:16] content = 1
[23/09/2015 07:19] actionPage!!!, itemTitle =  itemParent = 
[23/09/2015 07:19] content = 1
[23/09/2015 07:20] actionPage!!!, itemTitle =  itemParent = 
[23/09/2015 07:20] content = 1
[23/09/2015 07:24] actionPage!!!, itemTitle =  itemParent = 
[23/09/2015 07:24] content = 1
[23/09/2015 07:24] actionPage!!!, itemTitle =  itemParent = 
[23/09/2015 07:24] actionPage!!!, itemTitle =  itemParent = 
[23/09/2015 07:24] actionPage!!!, itemTitle =  itemParent = 
[23/09/2015 07:24] actionPage!!!, itemTitle =  itemParent = 
[23/09/2015 07:24] actionPage!!!, itemTitle =  itemParent = 
[23/09/2015 07:24] actionPage!!!, itemTitle =  itemParent = 
[23/09/2015 07:24] content = 1
[23/09/2015 07:24] content = 1
[23/09/2015 07:24] content = 1
[23/09/2015 07:24] content = 1
[23/09/2015 07:24] content = 1
[23/09/2015 07:24] content = 1
[23/09/2015 07:27] actionPage!!!, itemTitle =  itemParent = 
[23/09/2015 07:27] content = 1
[23/09/2015 07:28] actionPage!!!, itemTitle =  itemParent = 
[23/09/2015 07:28] content = 1
[23/09/2015 07:29] actionPage!!!, itemTitle =  itemParent = 
[23/09/2015 07:29] actionPage!!!, itemTitle =  itemParent = 
[23/09/2015 07:29] actionPage!!!, itemTitle =  itemParent = 
[23/09/2015 07:29] content = 1
[23/09/2015 07:29] content = 1
[23/09/2015 07:29] content = 1
[23/09/2015 07:29] content = 1
[23/09/2015 07:33] actionPage!!!, itemTitle =  itemParent = 
[23/09/2015 07:33] content = 1
[23/09/2015 07:33] actionPage!!!, itemTitle =  itemParent = 
[23/09/2015 07:33] content = 1
