[05/09/2015 18:02] index!!!!!
[05/09/2015 18:03] index!!!!!
[05/09/2015 18:03] index!!!!!
[05/09/2015 18:04] index!!!!!
[05/09/2015 18:04] index!!!!!
[05/09/2015 18:04] index!!!!!
[05/09/2015 18:04] index!!!!!
[05/09/2015 18:07] index!!!!!
[05/09/2015 18:08] index!!!!!
[05/09/2015 18:08] index!!!!!
[05/09/2015 18:08] index!!!!!
[05/09/2015 18:08] index!!!!!
[05/09/2015 18:08] index!!!!!
[05/09/2015 18:08] index!!!!!
[05/09/2015 18:08] index!!!!!
[05/09/2015 18:08] index!!!!!
[05/09/2015 18:08] index!!!!!
[05/09/2015 18:08] index!!!!!
[05/09/2015 18:09] index!!!!!
[05/09/2015 18:10] index!!!!!
[05/09/2015 18:10] index!!!!!
[05/09/2015 18:11] index!!!!!
[05/09/2015 18:11] index!!!!!
[05/09/2015 18:12] index!!!!!
[05/09/2015 18:15] index!!!!!
[05/09/2015 18:16] index!!!!!
[05/09/2015 18:18] index!!!!!
[05/09/2015 18:22] index!!!!!
[05/09/2015 18:23] index!!!!!
[05/09/2015 18:24] index!!!!!
[05/09/2015 18:24] index!!!!!
[05/09/2015 18:24] index!!!!!
[05/09/2015 18:24] index!!!!!
[05/09/2015 18:25] index!!!!!
[05/09/2015 18:25] index!!!!!
[05/09/2015 18:25] index!!!!!
[05/09/2015 18:25] index!!!!!
[05/09/2015 18:27] index!!!!!
[05/09/2015 18:27] index!!!!!
[05/09/2015 18:28] index!!!!!
[05/09/2015 18:28] index!!!!!
[05/09/2015 18:28] index!!!!!
[05/09/2015 18:29] index!!!!!
[05/09/2015 18:29] index!!!!!
[22/09/2015 08:19] actionLogin
[22/09/2015 08:19] model NOT loaded
[22/09/2015 08:19] <pre class='xdebug-var-dump' dir='ltr'>
<b>array</b> <i>(size=0)</i>
  <i><font color='#888a85'>empty</font></i>
</pre>
[22/09/2015 08:19] actionLogin
[22/09/2015 08:19] model loaded
[22/09/2015 08:19] admin
[22/09/2015 08:19] admin
[22/09/2015 08:19] actionLogin
[22/09/2015 08:19] model loaded
[22/09/2015 08:19] admin
[22/09/2015 08:19] admin
[22/09/2015 08:19] actionLogin
[22/09/2015 08:19] model NOT loaded
[22/09/2015 08:19] <pre class='xdebug-var-dump' dir='ltr'>
<b>array</b> <i>(size=0)</i>
  <i><font color='#888a85'>empty</font></i>
</pre>
[22/09/2015 08:22] actionLogin
[22/09/2015 08:22] model NOT loaded
[22/09/2015 08:22] <pre class='xdebug-var-dump' dir='ltr'>
<b>array</b> <i>(size=0)</i>
  <i><font color='#888a85'>empty</font></i>
</pre>
[22/09/2015 08:22] actionLogin
[22/09/2015 08:22] model loaded
[22/09/2015 08:22] diego.sanz@gmail.com
[22/09/2015 08:22] 
[22/09/2015 08:52] actionLogin
[22/09/2015 08:52] model loaded
[22/09/2015 08:52] khh.narola@narolainfotech.com
[22/09/2015 08:52] 123456
[22/09/2015 08:52] <pre class='xdebug-var-dump' dir='ltr'><small>boolean</small> <font color='#75507b'>false</font>
</pre>
[22/09/2015 08:52] this->redirect(['/site/index']
[22/09/2015 08:52] index!!!!!
[22/09/2015 08:52] index!!!!!
[22/09/2015 08:52] index!!!!!
[22/09/2015 08:52] index!!!!!
[22/09/2015 08:52] index!!!!!
[22/09/2015 08:52] index!!!!!
[22/09/2015 08:52] index!!!!!
[22/09/2015 10:37] actionLogin
[22/09/2015 10:37] model NOT loaded
[22/09/2015 10:37] <pre class='xdebug-var-dump' dir='ltr'>
<b>array</b> <i>(size=0)</i>
  <i><font color='#888a85'>empty</font></i>
</pre>
[22/09/2015 10:37] actionLogin
[22/09/2015 10:37] model loaded
[22/09/2015 10:37] khh.narola@narolainfotech.com
[22/09/2015 10:37] 123456
[22/09/2015 10:37] <pre class='xdebug-var-dump' dir='ltr'><small>boolean</small> <font color='#75507b'>false</font>
</pre>
[22/09/2015 10:37] this->redirect(['/site/index']
[22/09/2015 10:37] index!!!!!
[22/09/2015 10:37] index!!!!!
[22/09/2015 10:37] index!!!!!
[22/09/2015 10:37] index!!!!!
[22/09/2015 11:02] index!!!!!
[22/09/2015 11:02] index!!!!!
[22/09/2015 11:02] index!!!!!
[22/09/2015 11:52] index!!!!!
[22/09/2015 11:52] index!!!!!
[22/09/2015 11:52] index!!!!!
